Spark Command: /usr/lib/jvm/java-8-openjdk-amd64/jre/bin/java -cp /home/rajat/spark-3.1.2-bin-hadoop3.2/conf/:/home/rajat/spark-3.1.2-bin-hadoop3.2/jars/* -Xmx1g org.apache.spark.deploy.SparkSubmit --class org.apache.spark.sql.hive.thriftserver.HiveThriftServer2 --name Thrift JDBC/ODBC Server spark-internal
========================================
21/08/26 09:39:21 WARN Utils: Your hostname, rajat-TUF-Gaming-FX505DY-FX505DY resolves to a loopback address: 127.0.1.1; using 192.168.0.165 instead (on interface enp3s0)
21/08/26 09:39:21 WARN Utils: Set SPARK_LOCAL_IP if you need to bind to another address
21/08/26 09:39:22 WARN NativeCodeLoader: Unable to load native-hadoop library for your platform... using builtin-java classes where applicable
Using Spark's default log4j profile: org/apache/spark/log4j-defaults.properties
21/08/26 09:39:22 INFO HiveThriftServer2: Started daemon with process name: 24534@rajat-TUF-Gaming-FX505DY-FX505DY
21/08/26 09:39:22 INFO SignalUtils: Registering signal handler for TERM
21/08/26 09:39:22 INFO SignalUtils: Registering signal handler for HUP
21/08/26 09:39:22 INFO SignalUtils: Registering signal handler for INT
21/08/26 09:39:22 INFO HiveThriftServer2: Starting SparkContext
21/08/26 09:39:22 INFO HiveConf: Found configuration file file:/home/rajat/spark-3.1.2-bin-hadoop3.2/conf/hive-site.xml
21/08/26 09:39:22 INFO SparkContext: Running Spark version 3.1.2
21/08/26 09:39:22 INFO ResourceUtils: ==============================================================
21/08/26 09:39:22 INFO ResourceUtils: No custom resources configured for spark.driver.
21/08/26 09:39:22 INFO ResourceUtils: ==============================================================
21/08/26 09:39:22 INFO SparkContext: Submitted application: Thrift JDBC/ODBC Server
21/08/26 09:39:22 INFO ResourceProfile: Default ResourceProfile created, executor resources: Map(cores -> name: cores, amount: 1, script: , vendor: , memory -> name: memory, amount: 1024, script: , vendor: , offHeap -> name: offHeap, amount: 0, script: , vendor: ), task resources: Map(cpus -> name: cpus, amount: 1.0)
21/08/26 09:39:22 INFO ResourceProfile: Limiting resource is cpu
21/08/26 09:39:22 INFO ResourceProfileManager: Added ResourceProfile id: 0
21/08/26 09:39:22 INFO SecurityManager: Changing view acls to: rajat
21/08/26 09:39:22 INFO SecurityManager: Changing modify acls to: rajat
21/08/26 09:39:22 INFO SecurityManager: Changing view acls groups to: 
21/08/26 09:39:22 INFO SecurityManager: Changing modify acls groups to: 
21/08/26 09:39:22 INFO SecurityManager: SecurityManager: authentication disabled; ui acls disabled; users  with view permissions: Set(rajat); groups with view permissions: Set(); users  with modify permissions: Set(rajat); groups with modify permissions: Set()
21/08/26 09:39:23 INFO Utils: Successfully started service 'sparkDriver' on port 45095.
21/08/26 09:39:23 INFO SparkEnv: Registering MapOutputTracker
21/08/26 09:39:23 INFO SparkEnv: Registering BlockManagerMaster
21/08/26 09:39:23 INFO BlockManagerMasterEndpoint: Using org.apache.spark.storage.DefaultTopologyMapper for getting topology information
21/08/26 09:39:23 INFO BlockManagerMasterEndpoint: BlockManagerMasterEndpoint up
21/08/26 09:39:23 INFO SparkEnv: Registering BlockManagerMasterHeartbeat
21/08/26 09:39:23 INFO DiskBlockManager: Created local directory at /tmp/blockmgr-e868cf37-a6d1-4f99-813c-fec53db0c18f
21/08/26 09:39:23 INFO MemoryStore: MemoryStore started with capacity 366.3 MiB
21/08/26 09:39:23 INFO SparkEnv: Registering OutputCommitCoordinator
21/08/26 09:39:23 INFO Utils: Successfully started service 'SparkUI' on port 4040.
21/08/26 09:39:23 INFO SparkUI: Bound SparkUI to 0.0.0.0, and started at http://192.168.0.165:4040
21/08/26 09:39:23 INFO Executor: Starting executor ID driver on host 192.168.0.165
21/08/26 09:39:24 INFO Utils: Successfully started service 'org.apache.spark.network.netty.NettyBlockTransferService' on port 37893.
21/08/26 09:39:24 INFO NettyBlockTransferService: Server created on 192.168.0.165:37893
21/08/26 09:39:24 INFO BlockManager: Using org.apache.spark.storage.RandomBlockReplicationPolicy for block replication policy
21/08/26 09:39:24 INFO BlockManagerMaster: Registering BlockManager BlockManagerId(driver, 192.168.0.165, 37893, None)
21/08/26 09:39:24 INFO BlockManagerMasterEndpoint: Registering block manager 192.168.0.165:37893 with 366.3 MiB RAM, BlockManagerId(driver, 192.168.0.165, 37893, None)
21/08/26 09:39:24 INFO BlockManagerMaster: Registered BlockManager BlockManagerId(driver, 192.168.0.165, 37893, None)
21/08/26 09:39:24 INFO BlockManager: Initialized BlockManager: BlockManagerId(driver, 192.168.0.165, 37893, None)
21/08/26 09:39:24 INFO SharedState: Setting hive.metastore.warehouse.dir ('null') to the value of spark.sql.warehouse.dir ('file:/home/rajat/spark-warehouse/').
21/08/26 09:39:24 INFO SharedState: Warehouse path is 'file:/home/rajat/spark-warehouse/'.
21/08/26 09:39:25 INFO HiveUtils: Initializing HiveMetastoreConnection version 2.3.7 using Spark classes.
21/08/26 09:39:25 INFO HiveConf: Found configuration file file:/home/rajat/spark-3.1.2-bin-hadoop3.2/conf/hive-site.xml
21/08/26 09:39:25 INFO SessionState: Created HDFS directory: /tmp/hive/rajat/1737e74b-4b18-4342-80e8-d9090441f5be
21/08/26 09:39:25 INFO SessionState: Created local directory: /tmp/rajat/1737e74b-4b18-4342-80e8-d9090441f5be
21/08/26 09:39:25 INFO SessionState: Created HDFS directory: /tmp/hive/rajat/1737e74b-4b18-4342-80e8-d9090441f5be/_tmp_space.db
21/08/26 09:39:25 INFO HiveClientImpl: Warehouse location for Hive client (version 2.3.7) is file:/home/rajat/spark-warehouse/
21/08/26 09:39:26 WARN HiveConf: HiveConf of name hive.stats.jdbc.timeout does not exist
21/08/26 09:39:26 WARN HiveConf: HiveConf of name hive.stats.retries.wait does not exist
21/08/26 09:39:26 INFO HiveMetaStore: 0: Opening raw store with implementation class:org.apache.hadoop.hive.metastore.ObjectStore
21/08/26 09:39:26 INFO ObjectStore: ObjectStore, initialize called
21/08/26 09:39:26 INFO Persistence: Property hive.metastore.integral.jdo.pushdown unknown - will be ignored
21/08/26 09:39:26 INFO Persistence: Property datanucleus.cache.level2 unknown - will be ignored
21/08/26 09:39:27 INFO ObjectStore: Setting MetaStore object pin classes with hive.metastore.cache.pinobjtypes="Table,StorageDescriptor,SerDeInfo,Partition,Database,Type,FieldSchema,Order"
21/08/26 09:39:29 INFO MetaStoreDirectSql: Using direct SQL, underlying DB is DERBY
21/08/26 09:39:29 INFO ObjectStore: Initialized ObjectStore
21/08/26 09:39:29 WARN ObjectStore: Version information not found in metastore. hive.metastore.schema.verification is not enabled so recording the schema version 2.3.0
21/08/26 09:39:29 WARN ObjectStore: setMetaStoreSchemaVersion called but recording version is disabled: version = 2.3.0, comment = Set by MetaStore rajat@127.0.1.1
21/08/26 09:39:29 INFO HiveMetaStore: Added admin role in metastore
21/08/26 09:39:29 INFO HiveMetaStore: Added public role in metastore
21/08/26 09:39:29 INFO HiveMetaStore: No user is added in admin role, since config is empty
21/08/26 09:39:29 INFO HiveMetaStore: 0: get_all_functions
21/08/26 09:39:29 INFO audit: ugi=rajat	ip=unknown-ip-addr	cmd=get_all_functions	
21/08/26 09:39:29 INFO HiveMetaStore: 0: get_database: default
21/08/26 09:39:29 INFO audit: ugi=rajat	ip=unknown-ip-addr	cmd=get_database: default	
21/08/26 09:39:29 INFO HiveUtils: Initializing execution hive, version 2.3.7
21/08/26 09:39:29 INFO SessionState: Created HDFS directory: /tmp/hive/rajat/ccdaf5f6-c7b2-4539-ad1e-1a2d07a6a59c
21/08/26 09:39:29 INFO SessionState: Created local directory: /tmp/rajat/ccdaf5f6-c7b2-4539-ad1e-1a2d07a6a59c
21/08/26 09:39:29 INFO SessionState: Created HDFS directory: /tmp/hive/rajat/ccdaf5f6-c7b2-4539-ad1e-1a2d07a6a59c/_tmp_space.db
21/08/26 09:39:29 INFO HiveClientImpl: Warehouse location for Hive client (version 2.3.7) is file:/home/rajat/spark-warehouse/
21/08/26 09:39:29 INFO SessionManager: Operation log root directory is created: /tmp/rajat/operation_logs
21/08/26 09:39:29 INFO SessionManager: HiveServer2: Background operation thread pool size: 100
21/08/26 09:39:29 INFO SessionManager: HiveServer2: Background operation thread wait queue size: 100
21/08/26 09:39:29 INFO SessionManager: HiveServer2: Background operation thread keepalive time: 10 seconds
21/08/26 09:39:29 INFO AbstractService: Service:OperationManager is inited.
21/08/26 09:39:29 INFO AbstractService: Service:SessionManager is inited.
21/08/26 09:39:29 INFO AbstractService: Service: CLIService is inited.
21/08/26 09:39:29 INFO AbstractService: Service:ThriftBinaryCLIService is inited.
21/08/26 09:39:29 INFO AbstractService: Service: HiveServer2 is inited.
21/08/26 09:39:29 INFO AbstractService: Service:OperationManager is started.
21/08/26 09:39:29 INFO AbstractService: Service:SessionManager is started.
21/08/26 09:39:29 INFO AbstractService: Service: CLIService is started.
21/08/26 09:39:29 INFO AbstractService: Service:ThriftBinaryCLIService is started.
21/08/26 09:39:29 INFO ThriftCLIService: Starting ThriftBinaryCLIService on port 10000 with 5...500 worker threads
21/08/26 09:39:29 INFO AbstractService: Service:HiveServer2 is started.
21/08/26 09:39:29 INFO HiveThriftServer2: HiveThriftServer2 started
21/08/26 09:50:14 INFO ThriftCLIService: Client protocol version: HIVE_CLI_SERVICE_PROTOCOL_V10
21/08/26 09:50:14 INFO HiveMetaStore: 0: Opening raw store with implementation class:org.apache.hadoop.hive.metastore.ObjectStore
21/08/26 09:50:14 INFO ObjectStore: ObjectStore, initialize called
21/08/26 09:50:14 INFO Persistence: Property hive.metastore.integral.jdo.pushdown unknown - will be ignored
21/08/26 09:50:14 INFO Persistence: Property datanucleus.cache.level2 unknown - will be ignored
21/08/26 09:50:16 INFO ObjectStore: Setting MetaStore object pin classes with hive.metastore.cache.pinobjtypes="Table,StorageDescriptor,SerDeInfo,Partition,Database,Type,FieldSchema,Order"
21/08/26 09:50:17 INFO MetaStoreDirectSql: Using direct SQL, underlying DB is DERBY
21/08/26 09:50:17 INFO ObjectStore: Initialized ObjectStore
21/08/26 09:50:17 WARN ObjectStore: Version information not found in metastore. hive.metastore.schema.verification is not enabled so recording the schema version 2.3.0
21/08/26 09:50:17 WARN ObjectStore: setMetaStoreSchemaVersion called but recording version is disabled: version = 2.3.0, comment = Set by MetaStore rajat@127.0.1.1
21/08/26 09:50:17 WARN ObjectStore: Failed to get database default, returning NoSuchObjectException
21/08/26 09:50:18 INFO HiveMetaStore: Added admin role in metastore
21/08/26 09:50:18 INFO HiveMetaStore: Added public role in metastore
21/08/26 09:50:18 INFO HiveMetaStore: No user is added in admin role, since config is empty
21/08/26 09:50:18 INFO HiveMetaStore: 0: get_all_functions
21/08/26 09:50:18 INFO audit: ugi=rajat	ip=unknown-ip-addr	cmd=get_all_functions	
21/08/26 09:50:18 INFO SessionState: Created HDFS directory: /tmp/hive/rajat/dcf72dc7-7cfc-440a-a83f-439701b36cb4
21/08/26 09:50:18 INFO SessionState: Created local directory: /tmp/rajat/dcf72dc7-7cfc-440a-a83f-439701b36cb4
21/08/26 09:50:18 INFO SessionState: Created HDFS directory: /tmp/hive/rajat/dcf72dc7-7cfc-440a-a83f-439701b36cb4/_tmp_space.db
21/08/26 09:50:18 INFO HiveSessionImpl: Operation log session directory is created: /tmp/rajat/operation_logs/dcf72dc7-7cfc-440a-a83f-439701b36cb4
21/08/26 09:50:21 INFO HiveMetaStore: 1: get_database: global_temp
21/08/26 09:50:21 INFO audit: ugi=rajat	ip=unknown-ip-addr	cmd=get_database: global_temp	
21/08/26 09:50:21 WARN HiveConf: HiveConf of name hive.stats.jdbc.timeout does not exist
21/08/26 09:50:21 WARN HiveConf: HiveConf of name hive.stats.retries.wait does not exist
21/08/26 09:50:21 INFO HiveMetaStore: 1: Opening raw store with implementation class:org.apache.hadoop.hive.metastore.ObjectStore
21/08/26 09:50:21 INFO ObjectStore: ObjectStore, initialize called
21/08/26 09:50:21 INFO MetaStoreDirectSql: Using direct SQL, underlying DB is DERBY
21/08/26 09:50:21 INFO ObjectStore: Initialized ObjectStore
21/08/26 09:50:21 WARN ObjectStore: Failed to get database global_temp, returning NoSuchObjectException
21/08/26 09:50:21 INFO HiveMetaStore: 1: get_database: default
21/08/26 09:50:21 INFO audit: ugi=rajat	ip=unknown-ip-addr	cmd=get_database: default	
21/08/26 13:34:59 ERROR HiveThriftServer2: RECEIVED SIGNAL TERM
21/08/26 13:35:00 INFO HiveServer2: Shutting down HiveServer2
21/08/26 13:35:00 INFO ThriftCLIService: Thrift server has stopped
21/08/26 13:35:00 INFO AbstractService: Service:ThriftBinaryCLIService is stopped.
21/08/26 13:35:00 INFO AbstractService: Service:OperationManager is stopped.
21/08/26 13:35:00 INFO AbstractService: Service:SessionManager is stopped.
21/08/26 13:35:00 INFO AbstractService: Service:CLIService is stopped.
21/08/26 13:35:00 INFO AbstractService: Service:HiveServer2 is stopped.
21/08/26 13:35:01 INFO SparkUI: Stopped Spark web UI at http://192.168.0.165:4040
21/08/26 13:35:01 INFO MapOutputTrackerMasterEndpoint: MapOutputTrackerMasterEndpoint stopped!
21/08/26 13:35:02 INFO MemoryStore: MemoryStore cleared
21/08/26 13:35:02 INFO BlockManager: BlockManager stopped
21/08/26 13:35:02 INFO BlockManagerMaster: BlockManagerMaster stopped
21/08/26 13:35:02 INFO OutputCommitCoordinator$OutputCommitCoordinatorEndpoint: OutputCommitCoordinator stopped!
21/08/26 13:35:03 INFO SparkContext: Successfully stopped SparkContext
21/08/26 13:35:03 INFO ShutdownHookManager: Shutdown hook called
21/08/26 13:35:03 INFO ShutdownHookManager: Deleting directory /tmp/spark-ed7bb67f-8d71-4453-ac79-808811d9e708
21/08/26 13:35:03 INFO ShutdownHookManager: Deleting directory /tmp/spark-008d6224-5098-4440-815f-b29c5148377c
21/08/26 13:35:03 INFO ShutdownHookManager: Deleting directory /tmp/spark-b186d4bf-0133-4399-b22a-4e02a367d9cc
